[*] 已激活虚拟环境: .venv
============================================================
每周榜单爬取 + 入库 - 2026-03-02 10:30:01
项目目录: /Users/oliver/guru/wechat-mini-game-ranking-post
监控日期: （默认今天，上一周）
============================================================

[1/2] 爬取引力引擎 - 微信/抖音 完整榜 + 异动榜
[*] 打开: https://web.gravity-engine.com/#/manage/rank

==================================================
【微信小游戏】
==================================================
[*] 找到 rank-item: 20，将筛选【休闲】并最多输出 20 条
✅ 完整榜：wx_full.csv（15 条）
✅ 异动榜：wx_anomalies.csv（4 条，新进榜 或 上升/下降>10）

==================================================
【抖音小游戏】
==================================================
[*] 已切换到抖音小游戏榜
[*] 找到 rank-item: 20，将读取前 20 条作为【抖音小游戏周榜】
✅ 完整榜：dy_full.csv（20 条）
✅ 异动榜：dy_anomalies.csv（5 条，新进榜 或 上升/下降>10）

[2/2] 导入数据库（最新一周目录）
[top20_ranking] wx_full.csv -> 15 行
[top20_ranking] dy_full.csv -> 20 行
[rank_changes] wx_anomalies.csv -> 4 行
[rank_changes] dy_anomalies.csv -> 5 行
完成：2026-02-23~2026-03-01

============================================================
全部完成 - 2026-03-02 10:30:22
============================================================
[*] 已激活虚拟环境: .venv
============================================================
每周榜单爬取 + 入库 - 2026-03-09 10:30:00
项目目录: /Users/oliver/guru/wechat-mini-game-ranking-post
监控日期: （默认今天，上一周）
============================================================

[1/2] 爬取引力引擎 - 微信/抖音 完整榜 + 异动榜
[*] 打开: https://web.gravity-engine.com/#/manage/rank

==================================================
【微信小游戏】
==================================================
[*] 找到 rank-item: 20，将筛选【休闲】并最多输出 20 条
✅ 完整榜：wx_full.csv（14 条）
✅ 异动榜：wx_anomalies.csv（6 条，新进榜 或 上升/下降>10）

==================================================
【抖音小游戏】
==================================================
[*] 已切换到抖音小游戏榜
[*] 找到 rank-item: 20，将读取前 20 条作为【抖音小游戏周榜】
✅ 完整榜：dy_full.csv（20 条）
✅ 异动榜：dy_anomalies.csv（5 条，新进榜 或 上升/下降>10）

[2/2] 导入数据库（最新一周目录）
[top20_ranking] wx_full.csv -> 14 行
[top20_ranking] dy_full.csv -> 20 行
[rank_changes] wx_anomalies.csv -> 6 行
[rank_changes] dy_anomalies.csv -> 5 行
完成：2026-03-02~2026-03-08

============================================================
全部完成 - 2026-03-09 10:30:17
============================================================
[*] 已激活虚拟环境: .venv
============================================================
每周榜单爬取 + 入库 - 2026-03-16 10:30:00
项目目录: /Users/oliver/guru/wechat-mini-game-ranking-post
监控日期: （默认今天，上一周）
============================================================

[1/2] 爬取引力引擎 - 微信/抖音 完整榜 + 异动榜
[*] 打开: https://web.gravity-engine.com/#/manage/rank

==================================================
【微信小游戏】
==================================================
[!] 未检测到 rank-item（可能未切到周榜或未加载完成）
[!] 未筛选到任何【休闲】条目

==================================================
【抖音小游戏】
==================================================
[*] 已切换到抖音小游戏榜
[!] 未检测到 rank-item（可能未切到周榜或未加载完成）
[!] 未抓取到任何抖音条目
[*] 已激活虚拟环境: .venv
============================================================
每周榜单爬取 + 入库 - 2026-03-23 10:30:01
项目目录: /Users/oliver/guru/wechat-mini-game-ranking-post
监控日期: （默认今天，上一周）
============================================================

[1/2] 爬取引力引擎 - 微信/抖音 完整榜 + 异动榜
[*] 打开: https://web.gravity-engine.com/#/manage/rank

==================================================
【微信小游戏】
==================================================
[*] 找到 rank-item: 20，将筛选【休闲】并最多输出 20 条
✅ 完整榜：wx_full.csv（17 条）
✅ 异动榜：wx_anomalies.csv（4 条，新进榜 或 上升/下降>10）

==================================================
【抖音小游戏】
==================================================
[*] 已切换到抖音小游戏榜
[*] 找到 rank-item: 20，将读取前 20 条作为【抖音小游戏周榜】
✅ 完整榜：dy_full.csv（20 条）
✅ 异动榜：dy_anomalies.csv（6 条，新进榜 或 上升/下降>10）

[2/2] 导入数据库（最新一周目录）
[top20_ranking] wx_full.csv -> 17 行
[top20_ranking] dy_full.csv -> 20 行
[rank_changes] wx_anomalies.csv -> 4 行
[rank_changes] dy_anomalies.csv -> 6 行
完成：2026-03-16~2026-03-22

============================================================
全部完成 - 2026-03-23 10:30:25
============================================================
[*] 已激活虚拟环境: .venv
============================================================
每周榜单爬取 + 入库 - 2026-03-30 10:30:00
项目目录: /Users/oliver/guru/wechat-mini-game-ranking-post
监控日期: （默认今天，上一周）
============================================================

[1/2] 爬取引力引擎 - 微信/抖音 完整榜 + 异动榜
[*] 打开: https://web.gravity-engine.com/#/manage/rank

==================================================
【微信小游戏】
==================================================
[*] 找到 rank-item: 20，将筛选【休闲】并最多输出 20 条
✅ 完整榜：wx_full.csv（16 条）
✅ 异动榜：wx_anomalies.csv（2 条，新进榜 或 上升/下降>10）

==================================================
【抖音小游戏】
==================================================
[*] 已切换到抖音小游戏榜
[*] 找到 rank-item: 20，将读取前 20 条作为【抖音小游戏周榜】
✅ 完整榜：dy_full.csv（20 条）
✅ 异动榜：dy_anomalies.csv（4 条，新进榜 或 上升/下降>10）

[2/2] 导入数据库（最新一周目录）
[top20_ranking] wx_full.csv -> 16 行
[top20_ranking] dy_full.csv -> 20 行
[rank_changes] wx_anomalies.csv -> 2 行
[rank_changes] dy_anomalies.csv -> 4 行
完成：2026-03-23~2026-03-29

============================================================
全部完成 - 2026-03-30 10:30:19
============================================================
